d:\documents\visual studio 2015\projects\gameshooter\gameshooter\x64\debug\vc140.pdb
d:\documents\visual studio 2015\projects\gameshooter\gameshooter\x64\debug\waterlevel.obj
d:\documents\visual studio 2015\projects\gameshooter\gameshooter\x64\debug\mysvg.obj
d:\documents\visual studio 2015\projects\gameshooter\gameshooter\x64\debug\bgmanager.obj
d:\documents\visual studio 2015\projects\gameshooter\gameshooter\x64\debug\testmain.obj
d:\documents\visual studio 2015\projects\gameshooter\gameshooter\x64\debug\stonemanager.obj
d:\documents\visual studio 2015\projects\gameshooter\gameshooter\x64\debug\sandlevel.obj
d:\documents\visual studio 2015\projects\gameshooter\gameshooter\x64\debug\main.obj
d:\documents\visual studio 2015\projects\gameshooter\gameshooter\x64\debug\moc_testmain.obj
d:\documents\visual studio 2015\projects\gameshooter\gameshooter\x64\debug\moc_stonemanager.obj
d:\documents\visual studio 2015\projects\gameshooter\gameshooter\x64\debug\moc_stone.obj
d:\documents\visual studio 2015\projects\gameshooter\gameshooter\x64\debug\game.obj
d:\documents\visual studio 2015\projects\gameshooter\gameshooter\x64\debug\stone.obj
d:\documents\visual studio 2015\projects\gameshooter\gameshooter\x64\debug\fragment.obj
d:\documents\visual studio 2015\projects\gameshooter\gameshooter\generatedfiles\debug\moc_testmain.cpp
d:\documents\visual studio 2015\projects\gameshooter\gameshooter\generatedfiles\ui_testmain.h
d:\documents\visual studio 2015\projects\gameshooter\gameshooter\generatedfiles\debug\moc_stone.cpp
d:\documents\visual studio 2015\projects\gameshooter\gameshooter\generatedfiles\debug\moc_stonemanager.cpp
d:\documents\visual studio 2015\projects\gameshooter\x64\debug\gameshooter.ilk
d:\documents\visual studio 2015\projects\gameshooter\x64\debug\gameshooter.exe
d:\documents\visual studio 2015\projects\gameshooter\x64\debug\gameshooter.pdb
d:\documents\visual studio 2015\projects\gameshooter\gameshooter\x64\debug\gameshooter.tlog\cl.command.1.tlog
d:\documents\visual studio 2015\projects\gameshooter\gameshooter\x64\debug\gameshooter.tlog\cl.read.1.tlog
d:\documents\visual studio 2015\projects\gameshooter\gameshooter\x64\debug\gameshooter.tlog\cl.write.1.tlog
d:\documents\visual studio 2015\projects\gameshooter\gameshooter\x64\debug\gameshooter.tlog\custombuild.command.1.tlog
d:\documents\visual studio 2015\projects\gameshooter\gameshooter\x64\debug\gameshooter.tlog\custombuild.read.1.tlog
d:\documents\visual studio 2015\projects\gameshooter\gameshooter\x64\debug\gameshooter.tlog\custombuild.write.1.tlog
d:\documents\visual studio 2015\projects\gameshooter\gameshooter\x64\debug\gameshooter.tlog\link.command.1.tlog
d:\documents\visual studio 2015\projects\gameshooter\gameshooter\x64\debug\gameshooter.tlog\link.read.1.tlog
d:\documents\visual studio 2015\projects\gameshooter\gameshooter\x64\debug\gameshooter.tlog\link.write.1.tlog
